#
# There is insufficient memory for the Java Runtime Environment to continue.
# Native memory allocation (mmap) failed to map 134217728 bytes for Failed to commit area from 0x0000000081c00000 to 0x0000000089c00000 of length 134217728.
# Possible reasons:
#   The system is out of physical RAM or swap space
#   The process is running with CompressedOops enabled, and the Java Heap may be blocking the growth of the native heap
# Possible solutions:
#   Reduce memory load on the system
#   Increase physical memory or swap space
#   Check if swap backing store is full
#   Decrease Java heap size (-Xmx/-Xms)
#   Decrease number of Java threads
#   Decrease Java thread stack sizes (-Xss)
#   Set larger code cache with -XX:ReservedCodeCacheSize=
# This output file may be truncated or incomplete.
#
#  Out of Memory Error (./src/hotspot/os/windows/os_windows.cpp:3303), pid=12336, tid=2300
#
# JRE version:  (11.0.9+11) (build )
# Java VM: OpenJDK 64-Bit Server VM (11.0.9+11-b1145.21, mixed mode, sharing, tiered, compressed oops, g1 gc, windows-amd64)
# No core dump will be written. Minidumps are not enabled by default on client versions of Windows
#

---------------  S U M M A R Y ------------

Command Line: org.jetbrains.git4idea.http.GitAskPassApp Username for 'https://github.com': 

Host: Intel(R) Core(TM) i5-8250U CPU @ 1.60GHz, 8 cores, 7G,  Windows 10 , 64 bit Build 17763 (10.0.17763.475)
Time: Mon Mar 22 00:22:39 2021 Oaio?aeuiay Acey (ceia) elapsed time: 0.025257 seconds (0d 0h 0m 0s)

---------------  T H R E A D  ---------------

Current thread (0x000002b4b89c4800):  JavaThread "Unknown thread" [_thread_in_vm, id=2300, stack(0x000000c2a7d00000,0x000000c2a7e00000)]

Stack: [0x000000c2a7d00000,0x000000c2a7e00000]
Native frames: (J=compiled Java code, j=interpreted, Vv=VM code, C=native code)
V  [jvm.dll+0x5ed3ca]
V  [jvm.dll+0x722725]
V  [jvm.dll+0x723c7d]
V  [jvm.dll+0x724333]
V  [jvm.dll+0x242bd8]
V  [jvm.dll+0x5ea884]
V  [jvm.dll+0x5df995]
V  [jvm.dll+0x2fe13b]
V  [jvm.dll+0x2fe0aa]
V  [jvm.dll+0x2fdf82]
V  [jvm.dll+0x302e56]
V  [jvm.dll+0x34b583]
V  [jvm.dll+0x34bc86]
V  [jvm.dll+0x34b683]
V  [jvm.dll+0x2d8df8]
V  [jvm.dll+0x2d9f97]
V  [jvm.dll+0x701517]
V  [jvm.dll+0x702d0c]
V  [jvm.dll+0x358b39]
V  [jvm.dll+0x6e4f9e]
V  [jvm.dll+0x3c0db3]
V  [jvm.dll+0x3c2f61]
C  [jli.dll+0x5373]
C  [ucrtbase.dll+0x2268a]
C  [KERNEL32.DLL+0x17974]
C  [ntdll.dll+0x5a2d1]


---------------  P R O C E S S  ---------------

Threads class SMR info:
_java_thread_list=0x000002b4b67b6ff0, length=0, elements={
}

Java Threads: ( => current thread )

Other Threads:
  0x000002b4b89db000 GCTaskThread "GC Thread#0" [stack: 0x000000c2a7e00000,0x000000c2a7f00000] [id=10100]
  0x000002b4b8a0f000 ConcurrentGCThread "G1 Main Marker" [stack: 0x000000c2a7f00000,0x000000c2a8000000] [id=760]
  0x000002b4b8a10800 ConcurrentGCThread "G1 Conc#0" [stack: 0x000000c2a8000000,0x000000c2a8100000] [id=8640]

[error occurred during error reporting (printing all threads), id 0xc0000005, EXCEPTION_ACCESS_VIOLATION (0xc0000005) at pc=0x00007ffb83c09397]

VM state:not at safepoint (not fully initialized)

VM Mutex/Monitor currently owned by a thread:  ([mutex/lock_event])
[0x000002b4b89c0f00] Heap_lock - owner thread: 0x000002b4b89c4800

Heap address: 0x0000000081c00000, size: 2020 MB, Compressed Oops mode: Non-zero based: 0x0000000081c00000
Narrow klass base: 0x0000000000000000, Narrow klass shift: 0

GC Heap History (0 events):
No events

Deoptimization events (0 events):
No events

Classes redefined (0 events):
No events

Internal exceptions (0 events):
No events

Events (1 events):
Event: 0.015 Loaded shared library C:\Program Files\JetBrains\IntelliJ IDEA 2020.3\jbr\bin\zip.dll


Dynamic libraries:
0x00007ff70e8f0000 - 0x00007ff70e8fa000 	C:\Program Files\JetBrains\IntelliJ IDEA 2020.3\jbr\bin\java.exe
0x00007ffc0ab10000 - 0x00007ffc0acfc000 	C:\Windows\SYSTEM32\ntdll.dll
0x00007ffbd0130000 - 0x00007ffbd0142000 	C:\Program Files\Avast Software\Avast\aswhook.dll
0x00007ffc08090000 - 0x00007ffc08143000 	C:\Windows\System32\KERNEL32.DLL
0x00007ffc06bd0000 - 0x00007ffc06e64000 	C:\Windows\System32\KERNELBASE.dll
0x00007ffc06f70000 - 0x00007ffc0706a000 	C:\Windows\System32\ucrtbase.dll
0x00007ffbf5cf0000 - 0x00007ffbf5d09000 	C:\Program Files\JetBrains\IntelliJ IDEA 2020.3\jbr\bin\jli.dll
0x00007ffbf5cd0000 - 0x00007ffbf5ce7000 	C:\Program Files\JetBrains\IntelliJ IDEA 2020.3\jbr\bin\VCRUNTIME140.dll
0x00007ffc08cf0000 - 0x00007ffc08e87000 	C:\Windows\System32\USER32.dll
0x00007ffc06ed0000 - 0x00007ffc06ef0000 	C:\Windows\System32\win32u.dll
0x00007ffbf3f50000 - 0x00007ffbf41c9000 	C:\Windows\WinSxS\amd64_microsoft.windows.common-controls_6595b64144ccf1df_6.0.17763.1817_none_de6e422c534e0cb9\COMCTL32.dll
0x00007ffc09360000 - 0x00007ffc09389000 	C:\Windows\System32\GDI32.dll
0x00007ffc08b20000 - 0x00007ffc08bbe000 	C:\Windows\System32\msvcrt.dll
0x00007ffc07130000 - 0x00007ffc072cc000 	C:\Windows\System32\gdi32full.dll
0x00007ffc08e90000 - 0x00007ffc091be000 	C:\Windows\System32\combase.dll
0x00007ffc07070000 - 0x00007ffc07110000 	C:\Windows\System32\msvcp_win.dll
0x00007ffc08330000 - 0x00007ffc08450000 	C:\Windows\System32\RPCRT4.dll
0x00007ffc07570000 - 0x00007ffc075ef000 	C:\Windows\System32\bcryptPrimitives.dll
0x00007ffc07fb0000 - 0x00007ffc07fde000 	C:\Windows\System32\IMM32.DLL
0x00007ffbf02d0000 - 0x00007ffbf036d000 	C:\Program Files\JetBrains\IntelliJ IDEA 2020.3\jbr\bin\msvcp140.dll
0x00007ffb83920000 - 0x00007ffb843ee000 	C:\Program Files\JetBrains\IntelliJ IDEA 2020.3\jbr\bin\server\jvm.dll
0x00007ffc07d40000 - 0x00007ffc07de3000 	C:\Windows\System32\ADVAPI32.dll
0x00007ffc0a940000 - 0x00007ffc0a9df000 	C:\Windows\System32\sechost.dll
0x00007ffc07fa0000 - 0x00007ffc07fa8000 	C:\Windows\System32\PSAPI.DLL
0x00007ffbf3f40000 - 0x00007ffbf3f49000 	C:\Windows\SYSTEM32\WSOCK32.dll
0x00007ffc04960000 - 0x00007ffc04984000 	C:\Windows\SYSTEM32\WINMM.dll
0x00007ffc013e0000 - 0x00007ffc013ea000 	C:\Windows\SYSTEM32\VERSION.dll
0x00007ffc092f0000 - 0x00007ffc0935d000 	C:\Windows\System32\WS2_32.dll
0x00007ffc047c0000 - 0x00007ffc047ed000 	C:\Windows\SYSTEM32\winmmbase.dll
0x00007ffc06ef0000 - 0x00007ffc06f3a000 	C:\Windows\System32\cfgmgr32.dll
0x00007ffc06b00000 - 0x00007ffc06b11000 	C:\Windows\System32\kernel.appcore.dll
0x00007ffbf5c40000 - 0x00007ffbf5c51000 	C:\Program Files\JetBrains\IntelliJ IDEA 2020.3\jbr\bin\verify.dll
0x00007ffc05560000 - 0x00007ffc0574d000 	C:\Windows\SYSTEM32\DBGHELP.DLL
0x00007ffbff080000 - 0x00007ffbff0aa000 	C:\Windows\SYSTEM32\dbgcore.DLL
0x00007ffbf5630000 - 0x00007ffbf5659000 	C:\Program Files\JetBrains\IntelliJ IDEA 2020.3\jbr\bin\java.dll
0x00007ffc01060000 - 0x00007ffc0106b000 	C:\Program Files\JetBrains\IntelliJ IDEA 2020.3\jbr\bin\jimage.dll
0x00007ffbf5420000 - 0x00007ffbf5438000 	C:\Program Files\JetBrains\IntelliJ IDEA 2020.3\jbr\bin\zip.dll

dbghelp: loaded successfully - version: 4.0.5 - missing functions: none
symbol engine: initialized successfully - sym options: 0x614 - pdb path: .;C:\Program Files\JetBrains\IntelliJ IDEA 2020.3\jbr\bin;C:\Windows\SYSTEM32;C:\Program Files\Avast Software\Avast;C:\Windows\WinSxS\amd64_microsoft.windows.common-controls_6595b64144ccf1df_6.0.17763.1817_none_de6e422c534e0cb9;C:\Program Files\JetBrains\IntelliJ IDEA 2020.3\jbr\bin\server

VM Arguments:
java_command: org.jetbrains.git4idea.http.GitAskPassApp Username for 'https://github.com': 
java_class_path (initial): C:/Program Files/JetBrains/IntelliJ IDEA 2020.3/plugins/git4idea/lib/git4idea-rt.jar;C:/Program Files/JetBrains/IntelliJ IDEA 2020.3/lib/xmlrpc-2.0.1.jar;C:/Program Files/JetBrains/IntelliJ IDEA 2020.3/lib/commons-codec-1.14.jar
Launcher Type: SUN_STANDARD

[Global flags]
     intx CICompilerCount                          = 4                                         {product} {ergonomic}
     uint ConcGCThreads                            = 2                                         {product} {ergonomic}
     uint G1ConcRefinementThreads                  = 8                                         {product} {ergonomic}
   size_t G1HeapRegionSize                         = 1048576                                   {product} {ergonomic}
    uintx GCDrainStackTargetSize                   = 64                                        {product} {ergonomic}
   size_t InitialHeapSize                          = 134217728                                 {product} {ergonomic}
   size_t MarkStackSize                            = 4194304                                   {product} {ergonomic}
   size_t MaxHeapSize                              = 2118123520                                {product} {ergonomic}
   size_t MinHeapDeltaBytes                        = 1048576                                   {product} {ergonomic}
    uintx NonNMethodCodeHeapSize                   = 5836300                                {pd product} {ergonomic}
    uintx NonProfiledCodeHeapSize                  = 122910970                              {pd product} {ergonomic}
    uintx ProfiledCodeHeapSize                     = 122910970                              {pd product} {ergonomic}
    uintx ReservedCodeCacheSize                    = 251658240                              {pd product} {ergonomic}
     bool SegmentedCodeCache                       = true                                      {product} {ergonomic}
     bool UseCompressedClassPointers               = true                                 {lp64_product} {ergonomic}
     bool UseCompressedOops                        = true                                 {lp64_product} {ergonomic}
     bool UseG1GC                                  = true                                      {product} {ergonomic}
     bool UseLargePagesIndividualAllocation        = false                                  {pd product} {ergonomic}

Logging:
Log output configuration:
 #0: stdout all=warning uptime,level,tags
 #1: stderr all=off uptime,level,tags

Environment Variables:
PATH=C:\Program Files\Git\mingw64\libexec\git-core;C:\Program Files\Git\mingw64\libexec\git-core;C:\Program Files\Git\mingw64\bin;C:\Program Files\Git\usr\bin;C:\Users\Murok\bin;C:\Program Files\Microsoft MPI\Bin;C:\Program Files (x86)\Common Files\Oracle\Java\javapath;C:\Windows\system32;C:\Windows;C:\Windows\System32\Wbem;C:\Windows\System32\WindowsPowerShell\v1.0;C:\Windows\System32\OpenSSH;C:\Gradle\gradle-5.4.1-all\gradle-5.4.1\bin;%GRADLE_HOME\bin%;C:\Program Files\Java\jdk-11.0.6;C:\Program Files (x86)\Microsoft SQL Server\140\Tools\Binn;C:\Program Files\Microsoft SQL Server\140\Tools\Binn;C:\Program Files (x86)\Microsoft SQL Server\140\DTS\Binn;C:\Program Files\Microsoft SQL Server\140\DTS\Binn;C:\Program Files\Microsoft SQL Server\Client SDK\ODBC\130\Tools\Binn;C:\Program Files (x86)\Microsoft SQL Server\150\DTS\Binn;C:\Program Files\Git\cmd;C:\Program Files\nodejs;C:\Program Files\MySQL\MySQL Shell 8.0\bin;C:\Users\Murok\AppData\Local\Microsoft\WindowsApps;C:\Exercism;C:\Program Files\JetBrains\WebStorm 2019.2.2\bin;C:\altera\13.0\modelsim_ase\win32aloem;C:\Users\Murok\AppData\Roaming\npm;C:\Program Files\heroku\bin;C:\Users\Murok\AppData\Local\GitHubDesktop\bin
USERNAME=Murok
DISPLAY=:0.0
LC_ALL=en_US.UTF-8
OS=Windows_NT
PROCESSOR_IDENTIFIER=Intel64 Family 6 Model 142 Stepping 10, GenuineIntel



---------------  S Y S T E M  ---------------

OS: Windows 10 , 64 bit Build 17763 (10.0.17763.475)
OS uptime: 0 days 2:51 hours

CPU:total 8 (initial active 8) (4 cores per cpu, 2 threads per core) family 6 model 142 stepping 10, cmov, cx8, fxsr, mmx, sse, sse2, sse3, ssse3, sse4.1, sse4.2, popcnt, avx, avx2, aes, clmul, erms, 3dnowpref, lzcnt, ht, tsc, tscinvbit, bmi1, bmi2, adx, fma

Memory: 4k page, system-wide physical 8075M (1332M free)
TotalPageFile size 8875M (AvailPageFile size 44M)
current process WorkingSet (physical memory assigned to process): 10M, peak: 10M
current process commit charge ("private bytes"): 60M, peak: 188M

vm_info: OpenJDK 64-Bit Server VM (11.0.9+11-b1145.21) for windows-amd64 JRE (11.0.9+11-b1145.21), built on Nov 21 2020 14:37:09 by "" with MS VC++ 14.0 (VS2015)

END.
